INFO 2025-11-20 17:33:04,377 django.utils.autoreload autoreload Watching for file changes with StatReloader
INFO 2025-11-20 17:33:12,183 project views User Anonymous visited Home page. Sliders: 4, Gents Pants: 5, Borkhas: 5, Baby Fashions: 5
INFO 2025-11-20 17:33:12,417 django.server basehttp "GET / HTTP/1.1" 200 26298
INFO 2025-11-20 17:33:12,610 django.server basehttp "GET /static/assets/css/style.css HTTP/1.1" 200 299
INFO 2025-11-20 17:33:12,628 django.server basehttp "GET /static/assets/css/owl.carousel.min.css HTTP/1.1" 200 3356
INFO 2025-11-20 17:33:12,708 django.server basehttp "GET /media/products/2025/11/18/art_32.jpg HTTP/1.1" 200 21007
INFO 2025-11-20 17:33:12,715 django.server basehttp "GET /media/sliders/2025/11/18/b4.jpg HTTP/1.1" 200 1591255
INFO 2025-11-20 17:33:12,722 django.server basehttp "GET /static/assets/css/main.css HTTP/1.1" 200 891
INFO 2025-11-20 17:33:12,796 django.server basehttp "GET /static/assets/js/script.js HTTP/1.1" 200 384
INFO 2025-11-20 17:33:12,842 django.server basehttp "GET /media/sliders/2025/11/18/b3.jpg HTTP/1.1" 200 927670
INFO 2025-11-20 17:33:12,844 django.server basehttp "GET /static/assets/js/owl.carousel.min.js HTTP/1.1" 200 44348
INFO 2025-11-20 17:33:12,853 django.server basehttp "GET /media/sliders/2025/11/18/b1.jpg HTTP/1.1" 200 1477283
INFO 2025-11-20 17:33:12,864 django.server basehttp "GET /static/assets/images/payavail/aq.jpg HTTP/1.1" 200 21391
INFO 2025-11-20 17:33:12,924 django.server basehttp "GET /static/assets/images/payavail/cc.jpg HTTP/1.1" 200 74962
INFO 2025-11-20 17:33:12,957 django.server basehttp "GET /media/products/2025/11/18/art_34.jpg HTTP/1.1" 200 25773
INFO 2025-11-20 17:33:12,960 django.server basehttp "GET /media/products/2025/11/18/art_50.jpg HTTP/1.1" 200 25847
INFO 2025-11-20 17:33:12,966 django.server basehttp "GET /static/assets/js/main.js HTTP/1.1" 200 1480
INFO 2025-11-20 17:33:12,969 django.server basehttp "GET /media/sliders/2025/11/18/b2.jpg HTTP/1.1" 200 1739559
INFO 2025-11-20 17:33:13,006 django.server basehttp "GET /media/products/2025/11/18/art_38.jpg HTTP/1.1" 200 25444
INFO 2025-11-20 17:33:13,010 django.server basehttp "GET /static/assets/js/all.min.js HTTP/1.1" 200 1194964
INFO 2025-11-20 17:33:13,047 django.server basehttp "GET /media/products/2025/11/18/art_47.jpg HTTP/1.1" 200 12814
INFO 2025-11-20 17:33:13,053 django.server basehttp "GET /media/products/2025/11/18/borkha.jpg_4.jpg HTTP/1.1" 200 96469
INFO 2025-11-20 17:33:13,087 django.server basehttp "GET /media/products/2025/11/18/borkha.jpg_2.jpg HTTP/1.1" 200 42964
INFO 2025-11-20 17:33:13,139 django.server basehttp "GET /media/products/2025/11/18/borkha.jpg_7.jpg HTTP/1.1" 200 46250
INFO 2025-11-20 17:33:13,145 django.server basehttp "GET /media/products/2025/11/18/baby_4.jpg HTTP/1.1" 200 12120
INFO 2025-11-20 17:33:13,171 django.server basehttp "GET /media/products/2025/11/18/baby_5.jpg HTTP/1.1" 200 4097
INFO 2025-11-20 17:33:13,185 django.server basehttp "GET /media/products/2025/11/18/baby5.jpg HTTP/1.1" 200 30064
INFO 2025-11-20 17:33:13,191 django.server basehttp "GET /media/products/2025/11/18/baby_2.jpg HTTP/1.1" 200 12252
INFO 2025-11-20 17:33:13,193 django.server basehttp "GET /media/products/2025/11/18/borkha.jpg_5.jpg HTTP/1.1" 200 30058
INFO 2025-11-20 17:33:13,193 django.server basehttp "GET /media/products/2025/11/18/baby_1.jpg HTTP/1.1" 200 6662
INFO 2025-11-20 17:33:13,226 django.server basehttp "GET /static/assets/images/paymentlogo.png HTTP/1.1" 200 7075
INFO 2025-11-20 17:33:13,239 django.server basehttp "GET /media/products/2025/11/18/borkha.jpg HTTP/1.1" 200 92570
INFO 2025-11-20 17:33:16,726 project views viewed product 6 - New Stylish Denim Jeans Pant For Men by fashion johan
INFO 2025-11-20 17:33:16,845 django.server basehttp "GET /single-product/new-stylish-denim-jeans-pant-for-men-by-fashion-johan/6/ HTTP/1.1" 200 11643
INFO 2025-11-20 17:33:20,270 django.server basehttp "POST /cart/add-to-cart/ HTTP/1.1" 302 0
INFO 2025-11-20 17:33:20,308 django.server basehttp "GET /accounts/sign-in/?next=/cart/add-to-cart/ HTTP/1.1" 200 8972
INFO 2025-11-20 17:33:31,765 django.server basehttp "POST /cart/add-to-cart/ HTTP/1.1" 302 0
INFO 2025-11-20 17:33:31,771 django.server basehttp "GET /accounts/sign-in/?next=/cart/add-to-cart/ HTTP/1.1" 200 8972
INFO 2025-11-20 17:33:45,747 project views viewed product 6 - New Stylish Denim Jeans Pant For Men by fashion johan
INFO 2025-11-20 17:33:45,753 django.server basehttp "GET /single-product/new-stylish-denim-jeans-pant-for-men-by-fashion-johan/6/ HTTP/1.1" 200 11643
INFO 2025-11-20 17:33:51,303 django.server basehttp "GET /accounts/sign-in/ HTTP/1.1" 200 8972
INFO 2025-11-20 17:33:59,128 django.server basehttp "POST /accounts/sign-in/ HTTP/1.1" 302 0
INFO 2025-11-20 17:33:59,151 django.server basehttp "GET /accounts/profile/ HTTP/1.1" 200 11459
INFO 2025-11-20 17:34:03,101 project views User admin viewed cart with 1 items, total: 450000.0
INFO 2025-11-20 17:34:03,216 django.server basehttp "GET /cart/cart-detail/ HTTP/1.1" 200 14080
INFO 2025-11-20 17:34:03,317 django.server basehttp "GET /media/products/2025/11/18/lehenga_2.jpg HTTP/1.1" 200 2690322
INFO 2025-11-20 17:34:12,666 project views User admin viewed Category 1 - LEHENGA. Products count: 5
INFO 2025-11-20 17:34:12,755 django.server basehttp "GET /category-product/lehenga/1/ HTTP/1.1" 200 16248
INFO 2025-11-20 17:34:12,873 django.server basehttp "GET /media/products/2025/11/18/lehenga_5.jpg HTTP/1.1" 200 93922
INFO 2025-11-20 17:34:12,883 django.server basehttp "GET /media/products/2025/11/18/lehenga_1.jpg HTTP/1.1" 200 1037580
INFO 2025-11-20 17:34:12,905 django.server basehttp "GET /media/products/2025/11/18/lehenga_3.jpg HTTP/1.1" 200 12865
INFO 2025-11-20 17:34:12,912 django.server basehttp "GET /media/products/2025/11/18/lehenga_4.jpg HTTP/1.1" 200 343410
INFO 2025-11-20 17:34:15,765 project views viewed product 17 - Exclusive Design Readymade Georgette Embroidered Party Dress02
INFO 2025-11-20 17:34:15,773 django.server basehttp "GET /single-product/exclusive-design-readymade-georgette-embroidered-party-dress02/17/ HTTP/1.1" 200 12578
INFO 2025-11-20 17:34:18,914 project views User admin updated Product 17 quantity to 2 in cart.
INFO 2025-11-20 17:34:18,970 django.server basehttp "POST /cart/add-to-cart/ HTTP/1.1" 200 307
INFO 2025-11-20 17:34:22,592 project views User admin viewed cart with 1 items, total: 900000.0
INFO 2025-11-20 17:34:22,601 django.server basehttp "GET /cart/cart-detail/ HTTP/1.1" 200 14080
INFO 2025-11-20 17:34:26,211 project views User admin decreased quantity of Product 17 to 1
INFO 2025-11-20 17:34:26,355 django.server basehttp "POST /cart/qty-inc-dec/ HTTP/1.1" 200 112
INFO 2025-11-21 09:29:54,967 django.utils.autoreload autoreload Watching for file changes with StatReloader
INFO 2025-11-21 09:30:00,385 project views User admin visited Home page. Sliders: 4, Gents Pants: 5, Borkhas: 5, Baby Fashions: 5
INFO 2025-11-21 09:30:00,597 django.server basehttp "GET / HTTP/1.1" 200 27299
INFO 2025-11-23 17:23:18,979 django.utils.autoreload autoreload Watching for file changes with StatReloader
INFO 2025-11-23 17:23:27,742 project views User Anonymous viewed Category 1 - LEHENGA. Products count: 5
INFO 2025-11-23 17:23:27,850 django.server basehttp "GET /category-product/lehenga/1/?brand=2 HTTP/1.1" 200 15324
INFO 2025-11-23 17:23:32,753 project views User Anonymous filtered Category 1 - LEHENGA. Filtered products count: 5
INFO 2025-11-23 17:23:32,753 project views User Anonymous filtered Category 1 - LEHENGA. Filtered products count: 5
INFO 2025-11-23 17:23:32,765 django.server basehttp "POST /get-filter-products/ HTTP/1.1" 200 4290
INFO 2025-11-23 17:23:32,765 django.server basehttp "POST /get-filter-products/ HTTP/1.1" 200 4290
INFO 2025-11-23 17:23:35,071 project views User Anonymous filtered Category 1 - LEHENGA. Filtered products count: 5
INFO 2025-11-23 17:23:35,073 project views User Anonymous filtered Category 1 - LEHENGA. Filtered products count: 5
INFO 2025-11-23 17:23:35,081 django.server basehttp "POST /get-filter-products/ HTTP/1.1" 200 4290
INFO 2025-11-23 17:23:35,083 django.server basehttp "POST /get-filter-products/ HTTP/1.1" 200 4290
INFO 2025-11-23 17:23:36,419 project views User Anonymous filtered Category 1 - LEHENGA. Filtered products count: 2
INFO 2025-11-23 17:23:36,425 django.server basehttp "POST /get-filter-products/ HTTP/1.1" 200 1743
INFO 2025-11-23 17:23:40,388 project views User Anonymous filtered Category 1 - LEHENGA. Filtered products count: 0
INFO 2025-11-23 17:23:40,391 django.server basehttp "POST /get-filter-products/ HTTP/1.1" 200 140
INFO 2025-11-23 17:23:41,956 project views User Anonymous filtered Category 1 - LEHENGA. Filtered products count: 0
INFO 2025-11-23 17:23:41,959 django.server basehttp "POST /get-filter-products/ HTTP/1.1" 200 140
INFO 2025-11-23 17:23:44,315 project views User Anonymous filtered Category 1 - LEHENGA. Filtered products count: 0
INFO 2025-11-23 17:23:44,318 django.server basehttp "POST /get-filter-products/ HTTP/1.1" 200 140
INFO 2025-11-23 17:23:45,508 project views User Anonymous filtered Category 1 - LEHENGA. Filtered products count: 0
INFO 2025-11-23 17:23:45,511 django.server basehttp "POST /get-filter-products/ HTTP/1.1" 200 140
INFO 2025-11-23 17:23:46,427 project views User Anonymous filtered Category 1 - LEHENGA. Filtered products count: 2
INFO 2025-11-23 17:23:46,431 django.server basehttp "POST /get-filter-products/ HTTP/1.1" 200 1743
INFO 2025-11-23 17:23:53,181 project views User Anonymous visited Home page. Sliders: 4, Gents Pants: 5, Borkhas: 5, Baby Fashions: 5
INFO 2025-11-23 17:23:53,221 django.server basehttp "GET / HTTP/1.1" 200 26375
INFO 2025-11-23 17:24:04,440 django.server basehttp "GET /accounts/sign-in/ HTTP/1.1" 200 8972
